<?xml version="1.0" encoding="UTF-8"?>
<!-- Generated by org.testng.reporters.JUnitXMLReporter -->
<testsuite ignored="4" hostname="Anirudhs-MacBook-Air.local" failures="0" tests="3" name="Automation_Challenge" time="13.258" errors="0" timestamp="2021-08-23T20:09:06 CDT">
  <testcase classname="KGTR.Problem1" name="CanadaCareersPageDisplay_Vrfy" time="10.036"/>
  <testcase classname="KGTR.Problem2" name="CanadaCareersPageDisplay_Vrfy" time="0.002"/>
  <testcase classname="KGTR.Problem3" name="CanadaCareersPageDisplay_Vrfy" time="0.001"/>
  <testcase classname="KGTR.BaseClass" name="@BeforeTest initializeBrowser" time="0.0">
    <ignored/>
  </testcase> <!-- @BeforeTest initializeBrowser -->
  <testcase classname="KGTR.BaseClass" name="@BeforeTest initializeBrowser" time="0.0">
    <ignored/>
  </testcase> <!-- @BeforeTest initializeBrowser -->
  <testcase classname="KGTR.BaseClass" name="@AfterTest tearDown" time="0.0">
    <ignored/>
  </testcase> <!-- @AfterTest tearDown -->
  <testcase classname="KGTR.BaseClass" name="@AfterTest tearDown" time="0.0">
    <ignored/>
  </testcase> <!-- @AfterTest tearDown -->
</testsuite> <!-- Automation_Challenge -->
