<?xml version="1.0" encoding="UTF-8"?>
<testsuite xmlns:xsi="http://www.w3.org/2001/XMLSchema-instance" xsi:noNamespaceSchemaLocation="https://maven.apache.org/surefire/maven-surefire-plugin/xsd/surefire-test-report-3.0.xsd" version="3.0" name="TestSuite" time="50.208" tests="3" errors="0" skipped="0" failures="0">
  <properties>
[...]
</properties>
  <testcase name="CanadaCareersPageDisplay_Vrfy" classname="KGTR.Problem1" time="10.28">
    <system-out><![CDATA[C:\wfw1\TRProject_Win32_ChromeV92_Latest
VERIFIED! The title of the Careers Page is work.traderev.com – Revolutionizing Automotive Sales
VERIFIED! URL of the Careers Page is https://work.traderev.com/
[CDwindow-6D6F48F6ECEEE1269CE96531DD0FB81A, CDwindow-2D566A5DC4A1E2FDA4DDFC3BFC22420C, CDwindow-81700DEA585887F112DB0A59DB36B92E]
VERIFIED! The title of the Canadian Opps Page is TradeRev
VERIFIED! URL of the Canadian Opps Page is https://jobs.lever.co/traderev
]]></system-out>
    <system-err><![CDATA[Starting ChromeDriver 92.0.4515.107 (87a818b10553a07434ea9e2b6dccf3cbe7895134-refs/branch-heads/4515@{#1634}) on port 44625
Only local connections are allowed.
Please see https://chromedriver.chromium.org/security-considerations for suggestions on keeping ChromeDriver safe.
ChromeDriver was started successfully.
Aug 26, 2021 4:54:46 PM org.openqa.selenium.remote.ProtocolHandshake createSession
INFO: Detected dialect: W3C
]]></system-err>
  </testcase>
  <testcase name="CanadianOpps_JobLocFilter_Vrfy" classname="KGTR.Problem2" time="8.568">
    <system-out><![CDATA[C:\wfw1\TRProject_Win32_ChromeV92_Latest
Job title of the job number 1 is Data Analytics Engineer (Remote) and the location of the job posting is TORONTO, ONTARIO, CANADA
Job title of the job number 2 is Master Data Steward (Remote) and the location of the job posting is TORONTO, ONTARIO, CANADA
Job title of the job number 3 is Data Engineer (Remote) and the location of the job posting is TORONTO, ONTARIO, CANADA
Job title of the job number 4 is Data Scientist (Remote) and the location of the job posting is TORONTO, ONTARIO, CANADA
Job title of the job number 5 is Machine Learning Engineer (Remote) and the location of the job posting is TORONTO, ONTARIO, CANADA
Job title of the job number 6 is Senior Data Engineer (Remote) and the location of the job posting is TORONTO, ONTARIO, CANADA
Job title of the job number 7 is Senior Site Reliability Engineer (Remote) and the location of the job posting is TORONTO, ONTARIO, CANADA
Job title of the job number 8 is Site Reliability Engineer (Remote) and the location of the job posting is TORONTO, ONTARIO, CANADA
Job title of the job number 9 is Site Reliability Engineer (Remote) and the location of the job posting is TORONTO, ONTARIO, CANADA
Job title of the job number 10 is Senior Software Developer in Test (Remote) and the location of the job posting is TORONTO, ONTARIO, CANADA
Job title of the job number 11 is Software Developer in Test (Remote) and the location of the job posting is TORONTO, ONTARIO, CANADA
Job title of the job number 12 is Software Developer in Test (Salesforce) and the location of the job posting is TORONTO, ONTARIO, CANADA
Job title of the job number 13 is Intermediate Android Developer (Remote) and the location of the job posting is TORONTO, ONTARIO, CANADA
Job title of the job number 14 is Intermediate Front End Developer (Remote) and the location of the job posting is TORONTO, ONTARIO, CANADA
Job title of the job number 15 is Intermediate iOS Developer (Remote) and the location of the job posting is TORONTO, ONTARIO, CANADA
Job title of the job number 16 is Intermediate Software Developer (Remote) and the location of the job posting is TORONTO, ONTARIO, CANADA
Job title of the job number 17 is Intermediate Software Developer (Remote) and the location of the job posting is TORONTO, ONTARIO, CANADA
Job title of the job number 18 is Salesforce Architect (Remote) and the location of the job posting is TORONTO, ONTARIO, CANADA
Job title of the job number 19 is Salesforce Developer (Remote) and the location of the job posting is TORONTO, ONTARIO, CANADA
Job title of the job number 20 is Salesforce Development Team Lead (Remote) and the location of the job posting is TORONTO, ONTARIO, CANADA
Job title of the job number 21 is Senior Android Developer (Remote) and the location of the job posting is TORONTO, ONTARIO, CANADA
Job title of the job number 22 is Senior iOS Developer (Remote) and the location of the job posting is TORONTO, ONTARIO, CANADA
Job title of the job number 23 is Senior Salesforce Developer (Remote) and the location of the job posting is TORONTO, ONTARIO, CANADA
Job title of the job number 24 is Senior Software Developer (Remote) and the location of the job posting is TORONTO, ONTARIO, CANADA
Job title of the job number 25 is Senior Software Developer, Front-End (Remote) and the location of the job posting is TORONTO, ONTARIO, CANADA
Job title of the job number 26 is Senior Software Development Engineer (Remote) and the location of the job posting is TORONTO, ONTARIO, CANADA
Job title of the job number 27 is Senior Software Engineer - KAR Global (Remote) and the location of the job posting is TORONTO, ONTARIO, CANADA
VERIFIED! Other cities are not displayed when toronto is applied as a filter
VERIFIED! Toronto indeed is the location for the displayed job posting and concluding that filer functionality is working as expected.
No. of job openings are : 27
]]></system-out>
    <system-err><![CDATA[Starting ChromeDriver 92.0.4515.107 (87a818b10553a07434ea9e2b6dccf3cbe7895134-refs/branch-heads/4515@{#1634}) on port 15320
Only local connections are allowed.
Please see https://chromedriver.chromium.org/security-considerations for suggestions on keeping ChromeDriver safe.
ChromeDriver was started successfully.
Aug 26, 2021 4:55:01 PM org.openqa.selenium.remote.ProtocolHandshake createSession
INFO: Detected dialect: W3C
]]></system-err>
  </testcase>
  <testcase name="CanadaOpps_JobLocTeamFilters_Vrfy" classname="KGTR.Problem3" time="13.887">
    <system-out><![CDATA[C:\wfw1\TRProject_Win32_ChromeV92_Latest
Job title of the job number 1 is Data Analytics Engineer (Remote) and the location of the job posting is TORONTO, ONTARIO, CANADA and the team of this job posting is ENGINEERING – ANALYTICS
Job title of the job number 2 is Master Data Steward (Remote) and the location of the job posting is TORONTO, ONTARIO, CANADA and the team of this job posting is ENGINEERING – ANALYTICS
Job title of the job number 3 is Data Engineer (Remote) and the location of the job posting is TORONTO, ONTARIO, CANADA and the team of this job posting is ENGINEERING – DATA SCIENCE
Job title of the job number 4 is Data Scientist (Remote) and the location of the job posting is TORONTO, ONTARIO, CANADA and the team of this job posting is ENGINEERING – DATA SCIENCE
Job title of the job number 5 is Machine Learning Engineer (Remote) and the location of the job posting is TORONTO, ONTARIO, CANADA and the team of this job posting is ENGINEERING – DATA SCIENCE
Job title of the job number 6 is Senior Data Engineer (Remote) and the location of the job posting is TORONTO, ONTARIO, CANADA and the team of this job posting is ENGINEERING – DATA SCIENCE
Job title of the job number 7 is Senior Site Reliability Engineer (Remote) and the location of the job posting is TORONTO, ONTARIO, CANADA and the team of this job posting is ENGINEERING – OPERATIONS ENGINEERING
Job title of the job number 8 is Site Reliability Engineer (Remote) and the location of the job posting is TORONTO, ONTARIO, CANADA and the team of this job posting is ENGINEERING – OPERATIONS ENGINEERING
Job title of the job number 9 is Site Reliability Engineer (Remote) and the location of the job posting is TORONTO, ONTARIO, CANADA and the team of this job posting is ENGINEERING – OPERATIONS ENGINEERING
Job title of the job number 10 is Senior Software Developer in Test (Remote) and the location of the job posting is TORONTO, ONTARIO, CANADA and the team of this job posting is ENGINEERING – QUALITY ASSURANCE
Job title of the job number 11 is Software Developer in Test (Remote) and the location of the job posting is TORONTO, ONTARIO, CANADA and the team of this job posting is ENGINEERING – QUALITY ASSURANCE
Job title of the job number 12 is Software Developer in Test (Salesforce) and the location of the job posting is TORONTO, ONTARIO, CANADA and the team of this job posting is ENGINEERING – QUALITY ASSURANCE
Job title of the job number 13 is Intermediate Android Developer (Remote) and the location of the job posting is TORONTO, ONTARIO, CANADA and the team of this job posting is ENGINEERING – SOFTWARE DEVELOPMENT
Job title of the job number 14 is Intermediate Front End Developer (Remote) and the location of the job posting is TORONTO, ONTARIO, CANADA and the team of this job posting is ENGINEERING – SOFTWARE DEVELOPMENT
Job title of the job number 15 is Intermediate iOS Developer (Remote) and the location of the job posting is TORONTO, ONTARIO, CANADA and the team of this job posting is ENGINEERING – SOFTWARE DEVELOPMENT
Job title of the job number 16 is Intermediate Software Developer (Remote) and the location of the job posting is TORONTO, ONTARIO, CANADA and the team of this job posting is ENGINEERING – SOFTWARE DEVELOPMENT
Job title of the job number 17 is Intermediate Software Developer (Remote) and the location of the job posting is TORONTO, ONTARIO, CANADA and the team of this job posting is ENGINEERING – SOFTWARE DEVELOPMENT
Job title of the job number 18 is Salesforce Architect (Remote) and the location of the job posting is TORONTO, ONTARIO, CANADA and the team of this job posting is ENGINEERING – SOFTWARE DEVELOPMENT
Job title of the job number 19 is Salesforce Developer (Remote) and the location of the job posting is TORONTO, ONTARIO, CANADA and the team of this job posting is ENGINEERING – SOFTWARE DEVELOPMENT
Job title of the job number 20 is Salesforce Development Team Lead (Remote) and the location of the job posting is TORONTO, ONTARIO, CANADA and the team of this job posting is ENGINEERING – SOFTWARE DEVELOPMENT
Job title of the job number 21 is Senior Android Developer (Remote) and the location of the job posting is TORONTO, ONTARIO, CANADA and the team of this job posting is ENGINEERING – SOFTWARE DEVELOPMENT
Job title of the job number 22 is Senior iOS Developer (Remote) and the location of the job posting is TORONTO, ONTARIO, CANADA and the team of this job posting is ENGINEERING – SOFTWARE DEVELOPMENT
Job title of the job number 23 is Senior Salesforce Developer (Remote) and the location of the job posting is TORONTO, ONTARIO, CANADA and the team of this job posting is ENGINEERING – SOFTWARE DEVELOPMENT
Job title of the job number 24 is Senior Software Developer (Remote) and the location of the job posting is TORONTO, ONTARIO, CANADA and the team of this job posting is ENGINEERING – SOFTWARE DEVELOPMENT
Job title of the job number 25 is Senior Software Developer, Front-End (Remote) and the location of the job posting is TORONTO, ONTARIO, CANADA and the team of this job posting is ENGINEERING – SOFTWARE DEVELOPMENT
Job title of the job number 26 is Senior Software Development Engineer (Remote) and the location of the job posting is TORONTO, ONTARIO, CANADA and the team of this job posting is ENGINEERING – SOFTWARE DEVELOPMENT
Job title of the job number 27 is Senior Software Engineer - KAR Global (Remote) and the location of the job posting is TORONTO, ONTARIO, CANADA and the team of this job posting is ENGINEERING – SOFTWARE DEVELOPMENT
VERIFIED! Other cities, teams are not displayed when toronto and Engineering are applied as a filters
VERIFIED! Toronto indeed is the location for the displayed job posting, Engineering is indeed the job's team and concluding that filer functionality is working as expected.
No. of job openings are : 27
]]></system-out>
    <system-err><![CDATA[Starting ChromeDriver 92.0.4515.107 (87a818b10553a07434ea9e2b6dccf3cbe7895134-refs/branch-heads/4515@{#1634}) on port 41270
Only local connections are allowed.
Please see https://chromedriver.chromium.org/security-considerations for suggestions on keeping ChromeDriver safe.
ChromeDriver was started successfully.
Aug 26, 2021 4:55:15 PM org.openqa.selenium.remote.ProtocolHandshake createSession
INFO: Detected dialect: W3C
]]></system-err>
  </testcase>
</testsuite>