<?xml version="1.0" encoding="UTF-8"?>
<testng-results ignored="0" total="3" passed="3" failed="0" skipped="0">
  <reporter-output>
  </reporter-output>
  <suite started-at="2021-08-24T21:26:40 CDT" name="TradeRev" finished-at="2021-08-24T21:27:19 CDT" duration-ms="39867">
    <groups>
    </groups>
    <test started-at="2021-08-24T21:26:40 CDT" name="Automation_Challenge_P1" finished-at="2021-08-24T21:26:54 CDT" duration-ms="14221">
      <class name="KGTR.Problem1">
        <test-method is-config="true" signature="initializeBrowser()[pri:0, instance:KGTR.Problem1@683dbc2c]" started-at="2021-08-24T21:26:40 CDT" name="initializeBrowser" finished-at="2021-08-24T21:26:43 CDT" duration-ms="3361" status="PASS">
          <reporter-output>
          </reporter-output>
        </test-method> <!-- initializeBrowser -->
        <test-method signature="CanadaCareersPageDisplay_Vrfy()[pri:0, instance:KGTR.Problem1@683dbc2c]" started-at="2021-08-24T21:26:43 CDT" name="CanadaCareersPageDisplay_Vrfy" finished-at="2021-08-24T21:26:53 CDT" duration-ms="10226" status="PASS">
          <reporter-output>
          </reporter-output>
        </test-method> <!-- CanadaCareersPageDisplay_Vrfy -->
        <test-method is-config="true" signature="tearDown()[pri:0, instance:KGTR.Problem1@683dbc2c]" started-at="2021-08-24T21:26:53 CDT" name="tearDown" finished-at="2021-08-24T21:26:54 CDT" duration-ms="592" status="PASS">
          <reporter-output>
          </reporter-output>
        </test-method> <!-- tearDown -->
      </class> <!-- KGTR.Problem1 -->
    </test> <!-- Automation_Challenge_P1 -->
    <test started-at="2021-08-24T21:26:54 CDT" name="Automation_Challenge_P2" finished-at="2021-08-24T21:27:03 CDT" duration-ms="9419">
      <class name="KGTR.Problem2">
        <test-method is-config="true" signature="initializeBrowser()[pri:0, instance:KGTR.Problem2@11c9af63]" started-at="2021-08-24T21:26:54 CDT" name="initializeBrowser" finished-at="2021-08-24T21:26:56 CDT" duration-ms="2476" status="PASS">
          <reporter-output>
          </reporter-output>
        </test-method> <!-- initializeBrowser -->
        <test-method signature="CanadianOpps_JobLocFilter_Vrfy()[pri:0, instance:KGTR.Problem2@11c9af63]" started-at="2021-08-24T21:26:56 CDT" name="CanadianOpps_JobLocFilter_Vrfy" finished-at="2021-08-24T21:27:03 CDT" duration-ms="6811" status="PASS">
          <reporter-output>
          </reporter-output>
        </test-method> <!-- CanadianOpps_JobLocFilter_Vrfy -->
        <test-method is-config="true" signature="tearDown()[pri:0, instance:KGTR.Problem2@11c9af63]" started-at="2021-08-24T21:27:03 CDT" name="tearDown" finished-at="2021-08-24T21:27:03 CDT" duration-ms="120" status="PASS">
          <reporter-output>
          </reporter-output>
        </test-method> <!-- tearDown -->
      </class> <!-- KGTR.Problem2 -->
    </test> <!-- Automation_Challenge_P2 -->
    <test started-at="2021-08-24T21:27:03 CDT" name="Automation_Challenge_P3" finished-at="2021-08-24T21:27:19 CDT" duration-ms="16194">
      <class name="KGTR.Problem3">
        <test-method is-config="true" signature="initializeBrowser()[pri:0, instance:KGTR.Problem3@71c3b41]" started-at="2021-08-24T21:27:03 CDT" name="initializeBrowser" finished-at="2021-08-24T21:27:06 CDT" duration-ms="2432" status="PASS">
          <reporter-output>
          </reporter-output>
        </test-method> <!-- initializeBrowser -->
        <test-method signature="CanadaOpps_JobLocTeamFilters_Vrfy()[pri:0, instance:KGTR.Problem3@71c3b41]" started-at="2021-08-24T21:27:06 CDT" name="CanadaOpps_JobLocTeamFilters_Vrfy" finished-at="2021-08-24T21:27:19 CDT" duration-ms="13642" status="PASS">
          <reporter-output>
          </reporter-output>
        </test-method> <!-- CanadaOpps_JobLocTeamFilters_Vrfy -->
        <test-method is-config="true" signature="tearDown()[pri:0, instance:KGTR.Problem3@71c3b41]" started-at="2021-08-24T21:27:19 CDT" name="tearDown" finished-at="2021-08-24T21:27:19 CDT" duration-ms="111" status="PASS">
          <reporter-output>
          </reporter-output>
        </test-method> <!-- tearDown -->
      </class> <!-- KGTR.Problem3 -->
    </test> <!-- Automation_Challenge_P3 -->
  </suite> <!-- TradeRev -->
</testng-results>
